C:\USERS\SPARKY\DOCUMENTS\VISUAL STUDIO 2010\PROJECTS\OGRE3D\MAZE-MONSTER\DEBUG\MAZE-MONSTER.EXE
C:\USERS\SPARKY\DOCUMENTS\VISUAL STUDIO 2010\PROJECTS\OGRE3D\MAZE-MONSTER\DEBUG\MAZE-MONSTER.ILK
C:\USERS\SPARKY\DOCUMENTS\VISUAL STUDIO 2010\PROJECTS\OGRE3D\MAZE-MONSTER\DEBUG\MAZE-MONSTER.PDB
C:\USERS\SPARKY\DOCUMENTS\VISUAL STUDIO 2010\PROJECTS\OGRE3D\MAZE-MONSTER\MAZE-MONSTER\DEBUG\APP.OBJ
C:\USERS\SPARKY\DOCUMENTS\VISUAL STUDIO 2010\PROJECTS\OGRE3D\MAZE-MONSTER\MAZE-MONSTER\DEBUG\APPSTATEMANAGER.OBJ
C:\USERS\SPARKY\DOCUMENTS\VISUAL STUDIO 2010\PROJECTS\OGRE3D\MAZE-MONSTER\MAZE-MONSTER\DEBUG\BASE.OBJ
C:\USERS\SPARKY\DOCUMENTS\VISUAL STUDIO 2010\PROJECTS\OGRE3D\MAZE-MONSTER\MAZE-MONSTER\DEBUG\BOOTS.OBJ
C:\USERS\SPARKY\DOCUMENTS\VISUAL STUDIO 2010\PROJECTS\OGRE3D\MAZE-MONSTER\MAZE-MONSTER\DEBUG\BTOGRE.OBJ
C:\USERS\SPARKY\DOCUMENTS\VISUAL STUDIO 2010\PROJECTS\OGRE3D\MAZE-MONSTER\MAZE-MONSTER\DEBUG\CAMERA.OBJ
C:\Users\Sparky\documents\visual studio 2010\Projects\Ogre3D\Maze-Monster\Maze-Monster\Debug\cl.command.1.tlog
C:\Users\Sparky\documents\visual studio 2010\Projects\Ogre3D\Maze-Monster\Maze-Monster\Debug\CL.read.1.tlog
C:\Users\Sparky\documents\visual studio 2010\Projects\Ogre3D\Maze-Monster\Maze-Monster\Debug\CL.write.1.tlog
C:\USERS\SPARKY\DOCUMENTS\VISUAL STUDIO 2010\PROJECTS\OGRE3D\MAZE-MONSTER\MAZE-MONSTER\DEBUG\COMPOSITOR.OBJ
C:\USERS\SPARKY\DOCUMENTS\VISUAL STUDIO 2010\PROJECTS\OGRE3D\MAZE-MONSTER\MAZE-MONSTER\DEBUG\DOTSCENELOADER.OBJ
C:\USERS\SPARKY\DOCUMENTS\VISUAL STUDIO 2010\PROJECTS\OGRE3D\MAZE-MONSTER\MAZE-MONSTER\DEBUG\DYNAMICOBJECT.OBJ
C:\USERS\SPARKY\DOCUMENTS\VISUAL STUDIO 2010\PROJECTS\OGRE3D\MAZE-MONSTER\MAZE-MONSTER\DEBUG\DYNAMICOBJECTMANAGER.OBJ
C:\USERS\SPARKY\DOCUMENTS\VISUAL STUDIO 2010\PROJECTS\OGRE3D\MAZE-MONSTER\MAZE-MONSTER\DEBUG\EFFECT.OBJ
C:\USERS\SPARKY\DOCUMENTS\VISUAL STUDIO 2010\PROJECTS\OGRE3D\MAZE-MONSTER\MAZE-MONSTER\DEBUG\EFFECTMANAGER.OBJ
C:\USERS\SPARKY\DOCUMENTS\VISUAL STUDIO 2010\PROJECTS\OGRE3D\MAZE-MONSTER\MAZE-MONSTER\DEBUG\ENVIRONMENT.OBJ
C:\USERS\SPARKY\DOCUMENTS\VISUAL STUDIO 2010\PROJECTS\OGRE3D\MAZE-MONSTER\MAZE-MONSTER\DEBUG\EVENTMANAGER.OBJ
C:\USERS\SPARKY\DOCUMENTS\VISUAL STUDIO 2010\PROJECTS\OGRE3D\MAZE-MONSTER\MAZE-MONSTER\DEBUG\GAMESTATE.OBJ
C:\USERS\SPARKY\DOCUMENTS\VISUAL STUDIO 2010\PROJECTS\OGRE3D\MAZE-MONSTER\MAZE-MONSTER\DEBUG\INVENTORY.OBJ
C:\Users\Sparky\documents\visual studio 2010\Projects\Ogre3D\Maze-Monster\Maze-Monster\Debug\link.command.1.tlog
C:\Users\Sparky\documents\visual studio 2010\Projects\Ogre3D\Maze-Monster\Maze-Monster\Debug\link.read.1.tlog
C:\Users\Sparky\documents\visual studio 2010\Projects\Ogre3D\Maze-Monster\Maze-Monster\Debug\link.write.1.tlog
C:\USERS\SPARKY\DOCUMENTS\VISUAL STUDIO 2010\PROJECTS\OGRE3D\MAZE-MONSTER\MAZE-MONSTER\DEBUG\MAIN.OBJ
C:\USERS\SPARKY\DOCUMENTS\VISUAL STUDIO 2010\PROJECTS\OGRE3D\MAZE-MONSTER\MAZE-MONSTER\DEBUG\MAZE-MONSTER.EXE.INTERMEDIATE.MANIFEST
C:\USERS\SPARKY\DOCUMENTS\VISUAL STUDIO 2010\PROJECTS\OGRE3D\MAZE-MONSTER\MAZE-MONSTER\DEBUG\MELEEWEAPONS.OBJ
C:\USERS\SPARKY\DOCUMENTS\VISUAL STUDIO 2010\PROJECTS\OGRE3D\MAZE-MONSTER\MAZE-MONSTER\DEBUG\MENUSTATE.OBJ
C:\USERS\SPARKY\DOCUMENTS\VISUAL STUDIO 2010\PROJECTS\OGRE3D\MAZE-MONSTER\MAZE-MONSTER\DEBUG\MLP.OBJ
C:\Users\Sparky\documents\visual studio 2010\Projects\Ogre3D\Maze-Monster\Maze-Monster\Debug\mt.command.1.tlog
C:\Users\Sparky\documents\visual studio 2010\Projects\Ogre3D\Maze-Monster\Maze-Monster\Debug\mt.read.1.tlog
C:\Users\Sparky\documents\visual studio 2010\Projects\Ogre3D\Maze-Monster\Maze-Monster\Debug\mt.write.1.tlog
C:\USERS\SPARKY\DOCUMENTS\VISUAL STUDIO 2010\PROJECTS\OGRE3D\MAZE-MONSTER\MAZE-MONSTER\DEBUG\NPC.OBJ
C:\USERS\SPARKY\DOCUMENTS\VISUAL STUDIO 2010\PROJECTS\OGRE3D\MAZE-MONSTER\MAZE-MONSTER\DEBUG\NPCMANAGER.OBJ
C:\USERS\SPARKY\DOCUMENTS\VISUAL STUDIO 2010\PROJECTS\OGRE3D\MAZE-MONSTER\MAZE-MONSTER\DEBUG\OGRETOBTMESHCONVERTER.OBJ
C:\USERS\SPARKY\DOCUMENTS\VISUAL STUDIO 2010\PROJECTS\OGRE3D\MAZE-MONSTER\MAZE-MONSTER\DEBUG\PLAYER.OBJ
C:\USERS\SPARKY\DOCUMENTS\VISUAL STUDIO 2010\PROJECTS\OGRE3D\MAZE-MONSTER\MAZE-MONSTER\DEBUG\PROFILE.OBJ
C:\USERS\SPARKY\DOCUMENTS\VISUAL STUDIO 2010\PROJECTS\OGRE3D\MAZE-MONSTER\MAZE-MONSTER\DEBUG\PROJECTILE.OBJ
C:\USERS\SPARKY\DOCUMENTS\VISUAL STUDIO 2010\PROJECTS\OGRE3D\MAZE-MONSTER\MAZE-MONSTER\DEBUG\SETTINGS.OBJ
C:\USERS\SPARKY\DOCUMENTS\VISUAL STUDIO 2010\PROJECTS\OGRE3D\MAZE-MONSTER\MAZE-MONSTER\DEBUG\SOUND.OBJ
C:\USERS\SPARKY\DOCUMENTS\VISUAL STUDIO 2010\PROJECTS\OGRE3D\MAZE-MONSTER\MAZE-MONSTER\DEBUG\SPARKS.OBJ
C:\USERS\SPARKY\DOCUMENTS\VISUAL STUDIO 2010\PROJECTS\OGRE3D\MAZE-MONSTER\MAZE-MONSTER\DEBUG\STDAFX.OBJ
C:\USERS\SPARKY\DOCUMENTS\VISUAL STUDIO 2010\PROJECTS\OGRE3D\MAZE-MONSTER\MAZE-MONSTER\DEBUG\TRIGGER.OBJ
C:\Users\Sparky\documents\visual studio 2010\Projects\Ogre3D\Maze-Monster\Maze-Monster\Debug\vc100.idb
C:\USERS\SPARKY\DOCUMENTS\VISUAL STUDIO 2010\PROJECTS\OGRE3D\MAZE-MONSTER\MAZE-MONSTER\DEBUG\VC100.PDB
C:\USERS\SPARKY\DOCUMENTS\VISUAL STUDIO 2010\PROJECTS\OGRE3D\MAZE-MONSTER\MAZE-MONSTER\DEBUG\WARPGUN.OBJ
C:\USERS\SPARKY\DOCUMENTS\VISUAL STUDIO 2010\PROJECTS\OGRE3D\MAZE-MONSTER\MAZE-MONSTER\DEBUG\WEAPON.OBJ
C:\USERS\SPARKY\DOCUMENTS\VISUAL STUDIO 2010\PROJECTS\OGRE3D\MAZE-MONSTER\MAZE-MONSTER\DEBUG\WEAPONEFFECTS.OBJ
C:\USERS\SPARKY\DOCUMENTS\VISUAL STUDIO 2010\PROJECTS\OGRE3D\MAZE-MONSTER\MAZE-MONSTER\DEBUG\WORLDOBJECT.OBJ
